\BOOKMARK [0][-]{chapter.1}{\376\377\000X\000\302\000Y\000\040\000D\036\360\000N\000G\000\040\000H\036\306\000\040\000T\000H\036\320\000N\000G}{}% 1
\BOOKMARK [1][-]{section.1.1}{\376\377\000M\000\364\000i\000\040\000t\000r\001\260\036\335\000n\000g\000\040\000v\000\340\000\040\000c\000\364\000n\000g\000\040\000c\036\345\000\040\000p\000h\000\341\000t\000\040\000t\000r\000i\036\303\000n}{chapter.1}% 2
\BOOKMARK [2][-]{subsection.1.1.1}{\376\377\000F\000r\000o\000n\000t\000e\000n\000d}{section.1.1}% 3
\BOOKMARK [2][-]{subsection.1.1.2}{\376\377\000B\000a\000c\000k\000e\000n\000d}{section.1.1}% 4
\BOOKMARK [2][-]{subsection.1.1.3}{\376\377\000D\000a\000t\000a\000b\000a\000s\000e}{section.1.1}% 5
\BOOKMARK [1][-]{section.1.2}{\376\377\000Q\000u\000y\000\040\000t\000r\000\354\000n\000h\000\040\000c\000h\000u\000y\036\303\000n\000\040\001\021\036\325\000i\000\040\000t\036\353\000\040\000T\000h\000i\036\277\000t\000\040\000k\036\277\000\040\000s\000a\000n\000g\000\040\000C\000\340\000i\000\040\001\021\036\267\000t}{chapter.1}% 6
\BOOKMARK [2][-]{subsection.1.2.1}{\376\377\000C\000\340\000i\000\040\001\021\036\267\000t\000\040\000c\001\241\000\040\000s\036\337\000\040\000d\036\357\000\040\000l\000i\036\307\000u}{section.1.2}% 7
\BOOKMARK [2][-]{subsection.1.2.2}{\376\377\000X\000\342\000y\000\040\000d\036\361\000n\000g\000\040\000A\000P\000I\000\040\000v\000\340\000\040\000l\000o\000g\000i\000c\000\040\000n\000g\000h\000i\036\307\000p\000\040\000v\036\345}{section.1.2}% 8
\BOOKMARK [2][-]{subsection.1.2.3}{\376\377\000P\000h\000\341\000t\000\040\000t\000r\000i\036\303\000n\000\040\000g\000i\000a\000o\000\040\000d\000i\036\307\000n\000\040\000n\000g\001\260\036\335\000i\000\040\000d\000\371\000n\000g}{section.1.2}% 9
\BOOKMARK [1][-]{section.1.3}{\376\377\000T\000h\000i\036\277\000t\000\040\000k\036\277\000\040\000c\000\341\000c\000\040\000g\000i\000a\000o\000\040\000d\000i\036\307\000n}{chapter.1}% 10
\BOOKMARK [2][-]{subsection.1.3.1}{\376\377\000G\000i\000a\000o\000\040\000d\000i\036\307\000n\000\040\001\020\001\003\000n\000g\000\040\000n\000h\036\255\000p}{section.1.3}% 11
\BOOKMARK [2][-]{subsection.1.3.2}{\376\377\000G\000i\000a\000o\000\040\000d\000i\036\307\000n\000\040\000T\036\325\000n\000g\000\040\000q\000u\000a\000n\000\040\000\050\000D\000a\000s\000h\000b\000o\000a\000r\000d\000\051}{section.1.3}% 12
\BOOKMARK [2][-]{subsection.1.3.3}{\376\377\000G\000i\000a\000o\000\040\000d\000i\036\307\000n\000\040\000L\036\255\000p\000\040\001\021\001\241\000n\000\040\000b\000\341\000n\000\040\000h\000\340\000n\000g}{section.1.3}% 13
\BOOKMARK [2][-]{subsection.1.3.4}{\376\377\000G\000i\000a\000o\000\040\000d\000i\036\307\000n\000\040\000K\000h\000o\000\040\000h\000\340\000n\000g\000\040\000b\000\341\000n}{section.1.3}% 14
\BOOKMARK [2][-]{subsection.1.3.5}{\376\377\000G\000i\000a\000o\000\040\000d\000i\036\307\000n\000\040\000N\000h\036\255\000p\000\040\000k\000h\000o\000\040\000b\000\341\000n}{section.1.3}% 15
\BOOKMARK [2][-]{subsection.1.3.6}{\376\377\000G\000i\000a\000o\000\040\000d\000i\036\307\000n\000\040\000K\000h\000\341\000c\000h\000\040\000h\000\340\000n\000g\000\040\000\050\000B\000\341\000n\000\040\000h\000\340\000n\000g\000\051}{section.1.3}% 16
\BOOKMARK [2][-]{subsection.1.3.7}{\376\377\000G\000i\000a\000o\000\040\000d\000i\036\307\000n\000\040\000L\036\313\000c\000h\000\040\000s\036\355\000\040\000b\000\341\000n\000\040\000h\000\340\000n\000g}{section.1.3}% 17
\BOOKMARK [2][-]{subsection.1.3.8}{\376\377\000G\000i\000a\000o\000\040\000d\000i\036\307\000n\000\040\000N\000h\000\342\000n\000\040\000s\036\361\000\040\000\050\000B\000\341\000n\000\040\000h\000\340\000n\000g\000\051}{section.1.3}% 18
\BOOKMARK [2][-]{subsection.1.3.9}{\376\377\000G\000i\000a\000o\000\040\000d\000i\036\307\000n\000\040\000L\036\255\000p\000\040\001\021\001\241\000n\000\040\000t\000h\000u\000\352\000\040\000\050\000P\000O\000S\000\051}{section.1.3}% 19
\BOOKMARK [2][-]{subsection.1.3.10}{\376\377\000G\000i\000a\000o\000\040\000d\000i\036\307\000n\000\040\000K\000h\000o\000\040\000m\000\341\000y\000\040\000c\000h\000o\000\040\000t\000h\000u\000\352}{section.1.3}% 20
\BOOKMARK [2][-]{subsection.1.3.11}{\376\377\000G\000i\000a\000o\000\040\000d\000i\036\307\000n\000\040\000N\000h\036\255\000p\000\040\000k\000h\000o\000\040\000t\000h\000i\036\277\000t\000\040\000b\036\313\000\040\000c\000h\000o\000\040\000t\000h\000u\000\352}{section.1.3}% 21
\BOOKMARK [2][-]{subsection.1.3.12}{\376\377\000G\000i\000a\000o\000\040\000d\000i\036\307\000n\000\040\000K\000h\000\341\000c\000h\000\040\000h\000\340\000n\000g\000\040\000\050\000C\000h\000o\000\040\000t\000h\000u\000\352\000\051}{section.1.3}% 22
\BOOKMARK [2][-]{subsection.1.3.13}{\376\377\000G\000i\000a\000o\000\040\000d\000i\036\307\000n\000\040\000L\036\313\000c\000h\000\040\000s\036\355\000\040\000t\000h\000u\000\352\000\040\000m\000\341\000y}{section.1.3}% 23
\BOOKMARK [2][-]{subsection.1.3.14}{\376\377\000G\000i\000a\000o\000\040\000d\000i\036\307\000n\000\040\000T\000r\000\341\000n\000g\000\040\000f\000i\000l\000m}{section.1.3}% 24
\BOOKMARK [2][-]{subsection.1.3.15}{\376\377\000G\000i\000a\000o\000\040\000d\000i\036\307\000n\000\040\000N\000h\000\342\000n\000\040\000s\036\361\000\040\000\050\000C\000h\000o\000\040\000t\000h\000u\000\352\000\051}{section.1.3}% 25
\BOOKMARK [2][-]{subsection.1.3.16}{\376\377\000G\000i\000a\000o\000\040\000d\000i\036\307\000n\000\040\000Q\000u\036\243\000n\000\040\000t\000r\036\313\000\040\000h\036\307\000\040\000t\000h\036\321\000n\000g}{section.1.3}% 26
\BOOKMARK [1][-]{section.1.4}{\376\377\000C\000h\036\241\000y\000\040\000c\000\341\000c\000\040\000U\000s\000e\000c\000a\000s\000e}{chapter.1}% 27
\BOOKMARK [2][-]{subsection.1.4.1}{\376\377\000U\000s\000e\000c\000a\000s\000e\000\040\000Q\000u\036\243\000n\000\040\000t\000r\036\313\000\040\000h\036\307\000\040\000t\000h\036\321\000n\000g}{section.1.4}% 28
\BOOKMARK [2][-]{subsection.1.4.2}{\376\377\000U\000s\000e\000c\000a\000s\000e\000\040\000Q\000u\036\243\000n\000\040\000l\000\375\000\040\000h\036\323\000\040\000s\001\241\000\040\000n\000g\001\260\036\335\000i\000\040\000d\000\371\000n\000g}{section.1.4}% 29
\BOOKMARK [2][-]{subsection.1.4.3}{\376\377\000U\000s\000e\000c\000a\000s\000e\000\040\000Q\000u\036\243\000n\000\040\000l\000\375\000\040\000s\036\243\000n\000\040\000p\000h\036\251\000m\000\040\000v\000\340\000\040\000k\000h\000o\000\040\000t\000h\000u\000\352}{section.1.4}% 30
\BOOKMARK [2][-]{subsection.1.4.4}{\376\377\000U\000s\000e\000c\000a\000s\000e\000\040\000T\000\354\000m\000\040\000k\000i\036\277\000m\000\040\000v\000\340\000\040\000l\036\315\000c}{section.1.4}% 31
\BOOKMARK [2][-]{subsection.1.4.5}{\376\377\000U\000s\000e\000c\000a\000s\000e\000\040\000Q\000u\036\243\000n\000\040\000l\000\375\000\040\000h\000o\036\241\000t\000\040\001\021\036\331\000n\000g\000\040\000t\000h\000u\000\352\000\040\000m\000\341\000y}{section.1.4}% 32
\BOOKMARK [2][-]{subsection.1.4.6}{\376\377\000U\000s\000e\000c\000a\000s\000e\000\040\000G\000h\000i\000\040\000n\000h\036\255\000n\000\040\000v\000\340\000\040\000x\036\355\000\040\000l\000\375\000\040\000p\000h\036\243\000n\000\040\000h\036\323\000i}{section.1.4}% 33
\BOOKMARK [2][-]{subsection.1.4.7}{\376\377\000U\000s\000e\000c\000a\000s\000e\000\040\000Q\000u\036\243\000n\000\040\000l\000\375\000\040\000h\036\323\000\040\000s\001\241\000\040\000k\000h\000\341\000c\000h\000\040\000h\000\340\000n\000g}{section.1.4}% 34
\BOOKMARK [2][-]{subsection.1.4.8}{\376\377\000U\000s\000e\000c\000a\000s\000e\000\040\000Q\000u\036\243\000n\000\040\000l\000\375\000\040\000b\000\341\000n\000\040\000h\000\340\000n\000g\000\040\000v\000\340\000\040\000h\000\340\000n\000g\000\040\000b\000\341\000n}{section.1.4}% 35
